
04:40:20  [OK]    profiler queue started
04:40:20          sleeping 3.00s..
04:40:23          fetching char Ismere (#523) from realm #1
04:40:23          char did not log in since last update. skipping...
04:40:23          sleeping 3.00s..
04:40:26          fetching char Almaavun (#547) from realm #1
04:40:26          writing...
04:40:26           ..inventory
04:40:26           ..basic info
04:40:26           ..quests
04:40:26           ..professions
04:40:26           ..reputation
04:40:26           ..titles
04:40:26           ..achievements
04:40:26           ..raid progression
04:40:26           ..known spells (vanity pets & mounts)
04:40:26           ..basic guild data
04:40:26           ..associated arena teams
04:40:26          sleeping 3.00s..
04:40:29  [INFO]  profiler queue empty - process halted!